# JRE version: OpenJDK Runtime Environment (8.0_181-b13) (build 1.8.0_181-8u181-b13-2~deb9u1-b13)
# Java VM: OpenJDK 64-Bit Server VM (25.181-b13 mixed mode linux-amd64 compressed oops)
Heap:
 PSYoungGen      total 36352K, used 4058K [0x00000000f6900000, 0x00000000f9100000, 0x0000000100000000)
  eden space 32256K, 0% used [0x00000000f6900000,0x00000000f6900000,0x00000000f8880000)
  from space 4096K, 99% used [0x00000000f8880000,0x00000000f8c76bf0,0x00000000f8c80000)
  to   space 3584K, 0% used [0x00000000f8c80000,0x00000000f8c80000,0x00000000f9000000)
 ParOldGen       total 20480K, used 6211K [0x00000000e3a00000, 0x00000000e4e00000, 0x00000000f6900000)
  object space 20480K, 30% used [0x00000000e3a00000,0x00000000e4010c28,0x00000000e4e00000)
 Metaspace       used 13338K, capacity 13636K, committed 13696K, reserved 1060864K
  class space    used 1581K, capacity 1661K, committed 1664K, reserved 1048576K
GC Heap History (10 events):
Event: 1.019 GC heap after
Heap after GC invocations=2 (full 0):
 PSYoungGen      total 9216K, used 1024K [0x00000000f6900000, 0x00000000f7b00000, 0x0000000100000000)
  eden space 8192K, 0% used [0x00000000f6900000,0x00000000f6900000,0x00000000f7100000)
  from space 1024K, 100% used [0x00000000f7200000,0x00000000f7300000,0x00000000f7300000)
  to   space 1024K, 0% used [0x00000000f7100000,0x00000000f7100000,0x00000000f7200000)
 ParOldGen       total 20480K, used 2164K [0x00000000e3a00000, 0x00000000e4e00000, 0x00000000f6900000)
  object space 20480K, 10% used [0x00000000e3a00000,0x00000000e3c1d298,0x00000000e4e00000)
 Metaspace       used 6728K, capacity 6876K, committed 7040K, reserved 1056768K
  class space    used 803K, capacity 888K, committed 896K, reserved 1048576K
}
Event: 1.132 GC heap before
{Heap before GC invocations=3 (full 0):
 PSYoungGen      total 9216K, used 9216K [0x00000000f6900000, 0x00000000f7b00000, 0x0000000100000000)
  eden space 8192K, 100% used [0x00000000f6900000,0x00000000f7100000,0x00000000f7100000)
  from space 1024K, 100% used [0x00000000f7200000,0x00000000f7300000,0x00000000f7300000)
  to   space 1024K, 0% used [0x00000000f7100000,0x00000000f7100000,0x00000000f7200000)
 ParOldGen       total 20480K, used 2164K [0x00000000e3a00000, 0x00000000e4e00000, 0x00000000f6900000)
  object space 20480K, 10% used [0x00000000e3a00000,0x00000000e3c1d298,0x00000000e4e00000)
 Metaspace       used 6938K, capacity 7100K, committed 7424K, reserved 1056768K
  class space    used 837K, capacity 920K, committed 1024K, reserved 1048576K
Event: 1.135 GC heap after
Heap after GC invocations=3 (full 0):
 PSYoungGen      total 9216K, used 992K [0x00000000f6900000, 0x00000000f7b00000, 0x0000000100000000)
  eden space 8192K, 0% used [0x00000000f6900000,0x00000000f6900000,0x00000000f7100000)
  from space 1024K, 96% used [0x00000000f7100000,0x00000000f71f8040,0x00000000f7200000)
  to   space 1024K, 0% used [0x00000000f7a00000,0x00000000f7a00000,0x00000000f7b00000)
 ParOldGen       total 20480K, used 2593K [0x00000000e3a00000, 0x00000000e4e00000, 0x00000000f6900000)
  object space 20480K, 12% used [0x00000000e3a00000,0x00000000e3c884e0,0x00000000e4e00000)
 Metaspace       used 6938K, capacity 7100K, committed 7424K, reserved 1056768K
  class space    used 837K, capacity 920K, committed 1024K, reserved 1048576K
}
Event: 1.328 GC heap before
{Heap before GC invocations=4 (full 0):
 PSYoungGen      total 9216K, used 9184K [0x00000000f6900000, 0x00000000f7b00000, 0x0000000100000000)
  eden space 8192K, 100% used [0x00000000f6900000,0x00000000f7100000,0x00000000f7100000)
  from space 1024K, 96% used [0x00000000f7100000,0x00000000f71f8040,0x00000000f7200000)
  to   space 1024K, 0% used [0x00000000f7a00000,0x00000000f7a00000,0x00000000f7b00000)
 ParOldGen       total 20480K, used 2593K [0x00000000e3a00000, 0x00000000e4e00000, 0x00000000f6900000)
  object space 20480K, 12% used [0x00000000e3a00000,0x00000000e3c884e0,0x00000000e4e00000)
 Metaspace       used 7594K, capacity 7746K, committed 7936K, reserved 1056768K
  class space    used 927K, capacity 985K, committed 1024K, reserved 1048576K
Event: 1.331 GC heap after
Heap after GC invocations=4 (full 0):
 PSYoungGen      total 17408K, used 1008K [0x00000000f6900000, 0x00000000f7b00000, 0x0000000100000000)
  eden space 16384K, 0% used [0x00000000f6900000,0x00000000f6900000,0x00000000f7900000)
  from space 1024K, 98% used [0x00000000f7a00000,0x00000000f7afc010,0x00000000f7b00000)
  to   space 1024K, 0% used [0x00000000f7900000,0x00000000f7900000,0x00000000f7a00000)
 ParOldGen       total 20480K, used 3275K [0x00000000e3a00000, 0x00000000e4e00000, 0x00000000f6900000)
  object space 20480K, 15% used [0x00000000e3a00000,0x00000000e3d32e10,0x00000000e4e00000)
 Metaspace       used 7594K, capacity 7746K, committed 7936K, reserved 1056768K
  class space    used 927K, capacity 985K, committed 1024K, reserved 1048576K
}
Event: 1.689 GC heap before
{Heap before GC invocations=5 (full 0):
 PSYoungGen      total 17408K, used 17392K [0x00000000f6900000, 0x00000000f7b00000, 0x0000000100000000)
  eden space 16384K, 100% used [0x00000000f6900000,0x00000000f7900000,0x00000000f7900000)
  from space 1024K, 98% used [0x00000000f7a00000,0x00000000f7afc010,0x00000000f7b00000)
  to   space 1024K, 0% used [0x00000000f7900000,0x00000000f7900000,0x00000000f7a00000)
 ParOldGen       total 20480K, used 3275K [0x00000000e3a00000, 0x00000000e4e00000, 0x00000000f6900000)
  object space 20480K, 15% used [0x00000000e3a00000,0x00000000e3d32e10,0x00000000e4e00000)
 Metaspace       used 9493K, capacity 9628K, committed 9728K, reserved 1058816K
  class space    used 1191K, capacity 1245K, committed 1280K, reserved 1048576K
Event: 1.694 GC heap after
Heap after GC invocations=5 (full 0):
 PSYoungGen      total 17408K, used 1008K [0x00000000f6900000, 0x00000000f9000000, 0x0000000100000000)
  eden space 16384K, 0% used [0x00000000f6900000,0x00000000f6900000,0x00000000f7900000)
  from space 1024K, 98% used [0x00000000f7900000,0x00000000f79fc010,0x00000000f7a00000)
  to   space 3584K, 0% used [0x00000000f8c80000,0x00000000f8c80000,0x00000000f9000000)
 ParOldGen       total 20480K, used 5589K [0x00000000e3a00000, 0x00000000e4e00000, 0x00000000f6900000)
  object space 20480K, 27% used [0x00000000e3a00000,0x00000000e3f75710,0x00000000e4e00000)
 Metaspace       used 9493K, capacity 9628K, committed 9728K, reserved 1058816K
  class space    used 1191K, capacity 1245K, committed 1280K, reserved 1048576K
}
Event: 2.225 GC heap before
{Heap before GC invocations=6 (full 0):
 PSYoungGen      total 17408K, used 17392K [0x00000000f6900000, 0x00000000f9000000, 0x0000000100000000)
  eden space 16384K, 100% used [0x00000000f6900000,0x00000000f7900000,0x00000000f7900000)
  from space 1024K, 98% used [0x00000000f7900000,0x00000000f79fc010,0x00000000f7a00000)
  to   space 3584K, 0% used [0x00000000f8c80000,0x00000000f8c80000,0x00000000f9000000)
 ParOldGen       total 20480K, used 5589K [0x00000000e3a00000, 0x00000000e4e00000, 0x00000000f6900000)
  object space 20480K, 27% used [0x00000000e3a00000,0x00000000e3f75710,0x00000000e4e00000)
 Metaspace       used 12417K, capacity 12706K, committed 12928K, reserved 1060864K
  class space    used 1498K, capacity 1588K, committed 1664K, reserved 1048576K
Event: 2.252 GC heap after
Heap after GC invocations=6 (full 0):
 PSYoungGen      total 35840K, used 3577K [0x00000000f6900000, 0x00000000f9100000, 0x0000000100000000)
  eden space 32256K, 0% used [0x00000000f6900000,0x00000000f6900000,0x00000000f8880000)
  from space 3584K, 99% used [0x00000000f8c80000,0x00000000f8ffe418,0x00000000f9000000)
  to   space 4096K, 0% used [0x00000000f8880000,0x00000000f8880000,0x00000000f8c80000)
 ParOldGen       total 20480K, used 5818K [0x00000000e3a00000, 0x00000000e4e00000, 0x00000000f6900000)
  object space 20480K, 28% used [0x00000000e3a00000,0x00000000e3faebd8,0x00000000e4e00000)
 Metaspace       used 12417K, capacity 12706K, committed 12928K, reserved 1060864K
  class space    used 1498K, capacity 1588K, committed 1664K, reserved 1048576K
}
Event: 5.805 GC heap before
{Heap before GC invocations=7 (full 0):
 PSYoungGen      total 35840K, used 35833K [0x00000000f6900000, 0x00000000f9100000, 0x0000000100000000)
  eden space 32256K, 100% used [0x00000000f6900000,0x00000000f8880000,0x00000000f8880000)
  from space 3584K, 99% used [0x00000000f8c80000,0x00000000f8ffe418,0x00000000f9000000)
  to   space 4096K, 0% used [0x00000000f8880000,0x00000000f8880000,0x00000000f8c80000)
 ParOldGen       total 20480K, used 5818K [0x00000000e3a00000, 0x00000000e4e00000, 0x00000000f6900000)
  object space 20480K, 28% used [0x00000000e3a00000,0x00000000e3faebd8,0x00000000e4e00000)
 Metaspace       used 13338K, capacity 13636K, committed 13696K, reserved 1060864K
  class space    used 1581K, capacity 1661K, committed 1664K, reserved 1048576K

